<?xml version="1.0" encoding="UTF-8" ?>
<testsuite tests="1" failures="0" name="com.wbs.ldp.LDPCommunicatorTest" time="0.004" errors="0" skipped="0">
  <properties>
    <property name="java.runtime.name" value="OpenJDK Runtime Environment"/>
    <property name="java.vm.version" value="13.0.2+8"/>
    <property name="sun.boot.library.path" value="C:\Program Files\open_jdk\open-jdk-13.0.2_bin\jdk-13.0.2\bin"/>
    <property name="maven.multiModuleProjectDirectory" value="C:\Users\twwhi\IdeaProjects\LosslessDatagramProtocol"/>
    <property name="java.vm.vendor" value="Oracle Corporation"/>
    <property name="java.vendor.url" value="https://java.oracle.com/"/>
    <property name="guice.disable.misplaced.annotation.check" value="true"/>
    <property name="path.separator" value=";"/>
    <property name="java.vm.name" value="OpenJDK 64-Bit Server VM"/>
    <property name="sun.os.patch.level" value=""/>
    <property name="user.script" value=""/>
    <property name="user.country" value="US"/>
    <property name="sun.java.launcher" value="SUN_STANDARD"/>
    <property name="java.vm.specification.name" value="Java Virtual Machine Specification"/>
    <property name="user.dir" value="C:\Users\twwhi\IdeaProjects\LosslessDatagramProtocol"/>
    <property name="java.vm.compressedOopsMode" value="Zero based"/>
    <property name="java.runtime.version" value="13.0.2+8"/>
    <property name="os.arch" value="amd64"/>
    <property name="java.io.tmpdir" value="C:\Users\twwhi\AppData\Local\Temp\"/>
    <property name="line.separator" value="
"/>
    <property name="java.vm.specification.vendor" value="Oracle Corporation"/>
    <property name="user.variant" value=""/>
    <property name="os.name" value="Windows 10"/>
    <property name="classworlds.conf" value="C:\Program Files\apache-maven-3.6.0\bin\..\bin\m2.conf"/>
    <property name="sun.jnu.encoding" value="Cp1252"/>
    <property name="java.library.path" value="C:\Program Files\open_jdk\open-jdk-13.0.2_bin\jdk-13.0.2\bin;C:\WINDOWS\Sun\Java\bin;C:\WINDOWS\system32;C:\WINDOWS;C:\Python38\Scripts\;C:\Python38\;C:\Python37\Scripts\;C:\Python37\;C:\Users\twwhi\Desktop\nginx-1.17.3;C:\WINDOWS\system32;C:\WINDOWS;C:\WINDOWS\System32\Wbem;C:\WINDOWS\System32\WindowsPowerShell\v1.0\;C:\Program Files\Git\cmd;C:\Program Files\Git\mingw64\bin;C:\Program Files\Git\usr\bin;C:\Program Files\MySQL\MySQL Shell 1.0\bin;C:\Program Files\MySQL\MySQL Server 5.7\bin;C:\WINDOWS\System32\OpenSSH\;C:\ProgramData\chocolatey\bin;c:\Users\twwhi\AppData\Local\Android\Sdk\platform-tools;C:\cygwin64\bin;C:\Program Files\PuTTY\;C:\Program Files\dotnet\;C:\Program Files\osquery;C:\Program Files (x86)\NVIDIA Corporation\PhysX\Common;C:\Program Files\NVIDIA Corporation\NVIDIA NvDLISR;C:\Users\twwhi\AppData\Roaming\npm;C:\Program Files\nodejs\;C:\Program Files\OpenJDK\jdk-12.0.2\bin;C:\Program Files (x86)\GtkSharp\2.12\bin;C:\Program Files\OpenJDK\openjdk-8u262-b10\bin;;C:\Program Files\Amazon\AWSCLIV2\;C:\Program Files\OpenJDK\jdk-12.0.2\bin;C:\Users\twwhi\AppData\Local\Programs\Python\Python37-32\Scripts\;C:\Users\twwhi\AppData\Local\Programs\Python\Python37-32\;C:\Users\twwhi\AppData\Local\Microsoft\WindowsApps;C:\Users\twwhi\AppData\Local\atom\bin;C:\Users\twwhi\AppData\Local\Microsoft\WindowsApps;C:\Users\twwhi\AppData\Local\Programs\Microsoft VS Code\bin;C:\Program Files\apache-maven-3.6.0\bin;C:\Program Files\JetBrains\CLion 2020.1.2\bin;;C:\cygwin64\bin;C:\Users\twwhi\AppData\Local\hyper\app-3.0.2\resources\bin;C:\Users\twwhi\AppData\Roaming\npm;C:\Program Files\open_jdk\open-jdk-13.0.2_bin\jdk-13.0.2\bin;;."/>
    <property name="maven.conf" value="C:\Program Files\apache-maven-3.6.0\bin\../conf"/>
    <property name="jdk.debug" value="release"/>
    <property name="java.class.version" value="57.0"/>
    <property name="java.specification.name" value="Java Platform API Specification"/>
    <property name="sun.management.compiler" value="HotSpot 64-Bit Tiered Compilers"/>
    <property name="os.version" value="10.0"/>
    <property name="library.jansi.path" value="C:\Program Files\apache-maven-3.6.0\bin\..\lib\jansi-native"/>
    <property name="user.home" value="C:\Users\twwhi"/>
    <property name="user.timezone" value="America/New_York"/>
    <property name="file.encoding" value="Cp1252"/>
    <property name="java.specification.version" value="13"/>
    <property name="user.name" value="twwhi"/>
    <property name="java.class.path" value="C:\Program Files\apache-maven-3.6.0\bin\..\boot\plexus-classworlds-2.5.2.jar"/>
    <property name="java.vm.specification.version" value="13"/>
    <property name="sun.arch.data.model" value="64"/>
    <property name="sun.java.command" value="org.codehaus.plexus.classworlds.launcher.Launcher clean deploy"/>
    <property name="java.home" value="C:\Program Files\open_jdk\open-jdk-13.0.2_bin\jdk-13.0.2"/>
    <property name="user.language" value="en"/>
    <property name="java.specification.vendor" value="Oracle Corporation"/>
    <property name="java.vm.info" value="mixed mode, sharing"/>
    <property name="java.version" value="13.0.2"/>
    <property name="java.vendor" value="Oracle Corporation"/>
    <property name="sun.stderr.encoding" value="cp437"/>
    <property name="maven.home" value="C:\Program Files\apache-maven-3.6.0\bin\.."/>
    <property name="file.separator" value="\"/>
    <property name="java.version.date" value="2020-01-14"/>
    <property name="java.vendor.url.bug" value="https://bugreport.java.com/bugreport/"/>
    <property name="sun.io.unicode.encoding" value="UnicodeLittle"/>
    <property name="sun.cpu.endian" value="little"/>
    <property name="sun.stdout.encoding" value="cp437"/>
    <property name="sun.cpu.isalist" value="amd64"/>
  </properties>
  <testcase classname="com.wbs.ldp.LDPCommunicatorTest" name="itDoesTheThing" time="0.004"/>
</testsuite>